<?xml version="1.0" encoding="UTF-8"?>
<testng-results skipped="0" failed="0" ignored="0" total="1" passed="1">
  <reporter-output>
  </reporter-output>
  <suite name="Page Object Model" duration-ms="5498" started-at="2018-07-02T02:34:36Z" finished-at="2018-07-02T02:34:42Z">
    <groups>
    </groups>
    <test name="LoginTest" duration-ms="5498" started-at="2018-07-02T02:34:36Z" finished-at="2018-07-02T02:34:42Z">
      <class name="com.w2.testcases.LoginTest">
        <test-method status="PASS" signature="loginTest(java.util.Hashtable)[pri:0, instance:com.w2.testcases.LoginTest@7c1e2a2d]" name="loginTest" duration-ms="4924" started-at="2018-07-02T02:34:36Z" data-provider="dp" finished-at="2018-07-02T02:34:41Z">
          <params>
            <param index="0">
              <value>
                <![CDATA[{RunMode=Y, Password=Amitsaha@2018, UserName=sonyrocks.dgp@gmail.com}]]>
              </value>
            </param>
          </params>
          <reporter-output>
          </reporter-output>
        </test-method> <!-- loginTest -->
        <test-method status="PASS" signature="tearddown()[pri:0, instance:com.w2.testcases.LoginTest@7c1e2a2d]" name="tearddown" is-config="true" duration-ms="2191" started-at="2018-07-02T02:34:42Z" finished-at="2018-07-02T02:34:44Z">
          <reporter-output>
          </reporter-output>
        </test-method> <!-- tearddown -->
      </class> <!-- com.w2.testcases.LoginTest -->
    </test> <!-- LoginTest -->
  </suite> <!-- Page Object Model -->
</testng-results>
