<?xml version="1.0" encoding="UTF-8"?>
<testng-results skipped="0" failed="0" ignored="0" total="1" passed="1">
  <reporter-output>
  </reporter-output>
  <suite name="Page Object Model" duration-ms="10168" started-at="2018-06-29T17:42:24Z" finished-at="2018-06-29T17:42:35Z">
    <groups>
    </groups>
    <test name="LoginTest" duration-ms="10168" started-at="2018-06-29T17:42:24Z" finished-at="2018-06-29T17:42:35Z">
      <class name="com.w2.testcases.LoginTest">
        <test-method status="PASS" signature="loginTest()[pri:0, instance:com.w2.testcases.LoginTest@b70da4c]" name="loginTest" duration-ms="9651" started-at="2018-06-29T17:42:25Z" finished-at="2018-06-29T17:42:34Z">
          <reporter-output>
          </reporter-output>
        </test-method> <!-- loginTest -->
        <test-method status="PASS" signature="tearddown()[pri:0, instance:com.w2.testcases.LoginTest@b70da4c]" name="tearddown" is-config="true" duration-ms="1233" started-at="2018-06-29T17:42:35Z" finished-at="2018-06-29T17:42:36Z">
          <reporter-output>
          </reporter-output>
        </test-method> <!-- tearddown -->
      </class> <!-- com.w2.testcases.LoginTest -->
    </test> <!-- LoginTest -->
  </suite> <!-- Page Object Model -->
</testng-results>
